<?xml version="1.0" encoding="UTF-8"?>
<!-- Generated by org.testng.reporters.JUnitReportReporter -->
<testsuite hostname="DESKTOP-PTF1H2O" failures="0" tests="1" name="com.buildpiper.testcases.RepoIntegrationTestCases" time="28.760" errors="0" timestamp="2024-01-12T12:16:31 IST" skipped="0">
  <testcase classname="com.buildpiper.testcases.RepoIntegrationTestCases" name="AddSecretsOnAddRepoPage" time="28.760"/>
  <system-out>
Clicking on element Integration button under side bar <img src=D:\BuildPiper3.2_Rahul\Reports\12Jan_113650\AddSecretsOnAddRepoPage_chrome\AddSecretsOnAddRepoPage_chrome_12_Jan_121241.jpg alt='Lamp' width='500' height='400'> Clicking on element Repo Integration button under Integration button <img src=D:\BuildPiper3.2_Rahul\Reports\12Jan_113650\AddSecretsOnAddRepoPage_chrome\AddSecretsOnAddRepoPage_chrome_12_Jan_121242.jpg alt='Lamp' width='500' height='400'> Element is present :[[ChromeDriver: chrome-headless-shell on WINDOWS (3904c08ce2b5618faae2d686d8e60079)] -> xpath: //button[contains(@class,'btn btn-primary-v2')][text()=' Add Repo']] <img src=D:\BuildPiper3.2_Rahul\Reports\12Jan_113650\AddSecretsOnAddRepoPage_chrome\AddSecretsOnAddRepoPage_chrome_12_Jan_121242.jpg alt='Lamp' width='500' height='400'> Clicking on element clicks on add repo button <img src=D:\BuildPiper3.2_Rahul\Reports\12Jan_113650\AddSecretsOnAddRepoPage_chrome\AddSecretsOnAddRepoPage_chrome_12_Jan_121243.jpg alt='Lamp' width='500' height='400'> Clicking on element adds new secret <img src=D:\BuildPiper3.2_Rahul\Reports\12Jan_113650\AddSecretsOnAddRepoPage_chrome\AddSecretsOnAddRepoPage_chrome_12_Jan_121244.jpg alt='Lamp' width='500' height='400'> ####### End of Test Case: AddSecretsOnAddRepoPage #######  </system-out>
</testsuite> <!-- com.buildpiper.testcases.RepoIntegrationTestCases -->
