<?xml version="1.0" encoding="UTF-8"?>
<!-- Generated by org.testng.reporters.JUnitReportReporter -->
<testsuite hostname="DESKTOP-PTF1H2O" failures="0" tests="1" name="com.buildpiper.testcases.EnvironmentTestcasesExecution" time="281.810" errors="0" timestamp="2024-02-16T15:46:12 IST" skipped="0">
  <testcase classname="com.buildpiper.testcases.EnvironmentTestcasesExecution" name="DowntimeScaleUp" time="281.810"/>
  <system-out>
Exception while scroll to view of element:  Exception while scroll to view of element:   Element :Proxy element for: DefaultElementLocator 'By.xpath: //div[@aria-controls='simple-menu']//div//div[2]//p' is not clickable using javaScript  Element :Proxy element for: DefaultElementLocator 'By.xpath: //div[@aria-controls='simple-menu']//div//div[2]//p' is not clickable using selenium click <img src=D:\BuildPiper3.2_Rahul\Reports\16Feb_154130\DowntimeScaleUp_chrome\DowntimeScaleUp_chrome_47_Feb_154217.jpg alt='Lamp' width='500' height='400'> Clicking on element userMenuAppBar <img src=D:\BuildPiper3.2_Rahul\Reports\16Feb_154130\DowntimeScaleUp_chrome\DowntimeScaleUp_chrome_47_Feb_154217.jpg alt='Lamp' width='500' height='400'>  Element :Proxy element for: DefaultElementLocator 'By.xpath: //p[@class='inactive-portal cursor-pointer']' is not clickable using selenium click <img src=D:\BuildPiper3.2_Rahul\Reports\16Feb_154130\DowntimeScaleUp_chrome\DowntimeScaleUp_chrome_47_Feb_154248.jpg alt='Lamp' width='500' height='400'> Clicking on element switching to user account <img src=D:\BuildPiper3.2_Rahul\Reports\16Feb_154130\DowntimeScaleUp_chrome\DowntimeScaleUp_chrome_47_Feb_154248.jpg alt='Lamp' width='500' height='400'> Element :[[ChromeDriver: chrome on WINDOWS (f85b34172bff0d20852e4ed87c80effc)] -> xpath: //li//button[contains(@class,'app-cluster-button')]//span[@title]]is displayed on screen Element is present :[[ChromeDriver: chrome on WINDOWS (f85b34172bff0d20852e4ed87c80effc)] -> xpath: //li//button[contains(@class,'app-cluster-button')]//span[@title]] <img src=D:\BuildPiper3.2_Rahul\Reports\16Feb_154130\DowntimeScaleUp_chrome\DowntimeScaleUp_chrome_47_Feb_154253.jpg alt='Lamp' width='500' height='400'> Element :[[ChromeDriver: chrome on WINDOWS (f85b34172bff0d20852e4ed87c80effc)] -> xpath: //button[@class='app-cluster-button selected-border selected-shadow']/..//div//a[contains(.,'Environment Overview')]]is displayed on screen Element is present :[[ChromeDriver: chrome on WINDOWS (f85b34172bff0d20852e4ed87c80effc)] -> xpath: //button[@class='app-cluster-button selected-border selected-shadow']/..//div//a[contains(.,'Environment Overview')]] <img src=D:\BuildPiper3.2_Rahul\Reports\16Feb_154130\DowntimeScaleUp_chrome\DowntimeScaleUp_chrome_47_Feb_154254.jpg alt='Lamp' width='500' height='400'> Element :[[ChromeDriver: chrome on WINDOWS (f85b34172bff0d20852e4ed87c80effc)] -> xpath: //button[@class='app-cluster-button selected-border selected-shadow']/..//div//a[contains(.,'Environment Overview')]]is displayed on screen Clicking on element clicks on environment overview tab under applicartion name <img src=D:\BuildPiper3.2_Rahul\Reports\16Feb_154130\DowntimeScaleUp_chrome\DowntimeScaleUp_chrome_47_Feb_154254.jpg alt='Lamp' width='500' height='400'> Element :[[ChromeDriver: chrome on WINDOWS (f85b34172bff0d20852e4ed87c80effc)] -> xpath: //input[@name='name' and @placeholder='Name']]is displayed on screen Element :[[ChromeDriver: chrome on WINDOWS (f85b34172bff0d20852e4ed87c80effc)] -> xpath: //div[contains(@class,'card-body')]//a[contains(@href,'dashboard')]//p]is displayed on screen Clicking on element click on the selected environment <img src=D:\BuildPiper3.2_Rahul\Reports\16Feb_154130\DowntimeScaleUp_chrome\DowntimeScaleUp_chrome_47_Feb_154257.jpg alt='Lamp' width='500' height='400'> Element :[[ChromeDriver: chrome on WINDOWS (f85b34172bff0d20852e4ed87c80effc)] -> xpath: //ul[@class='headerul appheaderul']//li[text()='Downtime Scheduler']]is displayed on screen Clicking on element clicks on DownTime option <img src=D:\BuildPiper3.2_Rahul\Reports\16Feb_154130\DowntimeScaleUp_chrome\DowntimeScaleUp_chrome_47_Feb_154300.jpg alt='Lamp' width='500' height='400'> Element :[[ChromeDriver: chrome on WINDOWS (f85b34172bff0d20852e4ed87c80effc)] -> xpath: //a[@class='btn btn-submit']//a[@class='btn btn-submit'][text()='Add Scheduler']]is displayed on screen Clicking on element clicks on add scheduler button <img src=D:\BuildPiper3.2_Rahul\Reports\16Feb_154130\DowntimeScaleUp_chrome\DowntimeScaleUp_chrome_47_Feb_154300.jpg alt='Lamp' width='500' height='400'> Element :[[ChromeDriver: chrome on WINDOWS (f85b34172bff0d20852e4ed87c80effc)] -> xpath: //input[@name='name' and @placeholder='cron-job-4']]is displayed on screen Element :[[ChromeDriver: chrome on WINDOWS (f85b34172bff0d20852e4ed87c80effc)] -> xpath: //input[@name='hours_hrs' and @placeholder='HH']]is displayed on screen Element :[[ChromeDriver: chrome on WINDOWS (f85b34172bff0d20852e4ed87c80effc)] -> xpath: //input[@name='hours_mins' and @placeholder='MM']]is displayed on screen Element :[[ChromeDriver: chrome on WINDOWS (f85b34172bff0d20852e4ed87c80effc)] -> xpath: //button[@class='btn btn-submit'][text()='Add to Schedule']]is displayed on screen  Element :[[ChromeDriver: chrome on WINDOWS (f85b34172bff0d20852e4ed87c80effc)] -> xpath: //button[@class='btn btn-submit'][text()='Add to Schedule']] is not clickable using selenium click <img src=D:\BuildPiper3.2_Rahul\Reports\16Feb_154130\DowntimeScaleUp_chrome\DowntimeScaleUp_chrome_47_Feb_154302.jpg alt='Lamp' width='500' height='400'> Clicking on element add to Scheduler Btn <img src=D:\BuildPiper3.2_Rahul\Reports\16Feb_154130\DowntimeScaleUp_chrome\DowntimeScaleUp_chrome_47_Feb_154302.jpg alt='Lamp' width='500' height='400'> Element :[[ChromeDriver: chrome on WINDOWS (f85b34172bff0d20852e4ed87c80effc)] -> xpath: //button[@class='btn btn-submit'][text()='Save Scheduler']]is displayed on screen Clicking on element clicks on save schedule button <img src=D:\BuildPiper3.2_Rahul\Reports\16Feb_154130\DowntimeScaleUp_chrome\DowntimeScaleUp_chrome_47_Feb_154303.jpg alt='Lamp' width='500' height='400'> Element :[[ChromeDriver: chrome on WINDOWS (f85b34172bff0d20852e4ed87c80effc)] -> xpath: //span[@class='switch-label']/../span[2]]is displayed on screen Clicking on element clicks on scaledown_Active Inactive button <img src=D:\BuildPiper3.2_Rahul\Reports\16Feb_154130\DowntimeScaleUp_chrome\DowntimeScaleUp_chrome_47_Feb_154305.jpg alt='Lamp' width='500' height='400'> Element :[[ChromeDriver: chrome on WINDOWS (f85b34172bff0d20852e4ed87c80effc)] -> xpath: //ul[@class='headerul appheaderul']//li[text()='Associated Services']]is displayed on screen Clicking on element clicks on Associated Services option <img src=D:\BuildPiper3.2_Rahul\Reports\16Feb_154130\DowntimeScaleUp_chrome\DowntimeScaleUp_chrome_47_Feb_154420.jpg alt='Lamp' width='500' height='400'> Element :[[ChromeDriver: chrome on WINDOWS (f85b34172bff0d20852e4ed87c80effc)] -> xpath: //ul[@class='headerul appheaderul']//li[text()='Downtime Scheduler']]is displayed on screen Clicking on element clicks on DownTime option <img src=D:\BuildPiper3.2_Rahul\Reports\16Feb_154130\DowntimeScaleUp_chrome\DowntimeScaleUp_chrome_47_Feb_154440.jpg alt='Lamp' width='500' height='400'> Element :[[ChromeDriver: chrome on WINDOWS (f85b34172bff0d20852e4ed87c80effc)] -> xpath: //li//button[contains(@class,'app-cluster-button')]//span[@title]]is displayed on screen Element is present :[[ChromeDriver: chrome on WINDOWS (f85b34172bff0d20852e4ed87c80effc)] -> xpath: //li//button[contains(@class,'app-cluster-button')]//span[@title]] <img src=D:\BuildPiper3.2_Rahul\Reports\16Feb_154130\DowntimeScaleUp_chrome\DowntimeScaleUp_chrome_47_Feb_154440.jpg alt='Lamp' width='500' height='400'> Element :[[ChromeDriver: chrome on WINDOWS (f85b34172bff0d20852e4ed87c80effc)] -> xpath: //button//div//span[@class='flaticon-expand-arrow']/../../..//div//button//p[text()='Pipeline Overview']]is displayed on screen Element is present :[[ChromeDriver: chrome on WINDOWS (f85b34172bff0d20852e4ed87c80effc)] -> xpath: //button//div//span[@class='flaticon-expand-arrow']/../../..//div//button//p[text()='Pipeline Overview']] <img src=D:\BuildPiper3.2_Rahul\Reports\16Feb_154130\DowntimeScaleUp_chrome\DowntimeScaleUp_chrome_47_Feb_154448.jpg alt='Lamp' width='500' height='400'> Element :[[ChromeDriver: chrome on WINDOWS (f85b34172bff0d20852e4ed87c80effc)] -> xpath: //button//div//span[@class='flaticon-expand-arrow']/../../..//div//button//p[text()='Pipeline Overview']]is displayed on screen Clicking on element Poc_QA pipelineOverviewLink <img src=D:\BuildPiper3.2_Rahul\Reports\16Feb_154130\DowntimeScaleUp_chrome\DowntimeScaleUp_chrome_47_Feb_154448.jpg alt='Lamp' width='500' height='400'> Element :[[ChromeDriver: chrome on WINDOWS (f85b34172bff0d20852e4ed87c80effc)] -> xpath: (//*[contains(@class,'ad-more-search mb-')]/div/div//*[@class='MuiSvgIcon-root'])[1]]is displayed on screen Element is present :[[ChromeDriver: chrome on WINDOWS (f85b34172bff0d20852e4ed87c80effc)] -> xpath: (//*[contains(@class,'ad-more-search mb-')]/div/div//*[@class='MuiSvgIcon-root'])[1]] <img src=D:\BuildPiper3.2_Rahul\Reports\16Feb_154130\DowntimeScaleUp_chrome\DowntimeScaleUp_chrome_47_Feb_154449.jpg alt='Lamp' width='500' height='400'> Element :[[ChromeDriver: chrome on WINDOWS (f85b34172bff0d20852e4ed87c80effc)] -> xpath: (//*[contains(@class,'ad-more-search mb-')]/div/div//*[@class='MuiSvgIcon-root'])[1]]is displayed on screen Clicking on element searchDropDown <img src=D:\BuildPiper3.2_Rahul\Reports\16Feb_154130\DowntimeScaleUp_chrome\DowntimeScaleUp_chrome_47_Feb_154452.jpg alt='Lamp' width='500' height='400'> Element :[[ChromeDriver: chrome on WINDOWS (f85b34172bff0d20852e4ed87c80effc)] -> xpath: //input[@class='search-input-si']]is displayed on screen Clicking on element searchPipelineCheckbox <img src=D:\BuildPiper3.2_Rahul\Reports\16Feb_154130\DowntimeScaleUp_chrome\DowntimeScaleUp_chrome_47_Feb_154526.jpg alt='Lamp' width='500' height='400'> Element :[[ChromeDriver: chrome on WINDOWS (f85b34172bff0d20852e4ed87c80effc)] -> xpath: //div[@class='service-name']/a]is displayed on screen Element is present :[[ChromeDriver: chrome on WINDOWS (f85b34172bff0d20852e4ed87c80effc)] -> xpath: //div[@class='service-name']/a] <img src=D:\BuildPiper3.2_Rahul\Reports\16Feb_154130\DowntimeScaleUp_chrome\DowntimeScaleUp_chrome_47_Feb_154556.jpg alt='Lamp' width='500' height='400'> Element :[[ChromeDriver: chrome on WINDOWS (f85b34172bff0d20852e4ed87c80effc)] -> xpath: //button[@class='app-cluster-button selected-border selected-shadow']/..//div//a[contains(.,'Environment Overview')]]is displayed on screen Element is present :[[ChromeDriver: chrome on WINDOWS (f85b34172bff0d20852e4ed87c80effc)] -> xpath: //button[@class='app-cluster-button selected-border selected-shadow']/..//div//a[contains(.,'Environment Overview')]] <img src=D:\BuildPiper3.2_Rahul\Reports\16Feb_154130\DowntimeScaleUp_chrome\DowntimeScaleUp_chrome_47_Feb_154600.jpg alt='Lamp' width='500' height='400'> Element :[[ChromeDriver: chrome on WINDOWS (f85b34172bff0d20852e4ed87c80effc)] -> xpath: //button[@class='app-cluster-button selected-border selected-shadow']/..//div//a[contains(.,'Environment Overview')]]is displayed on screen Clicking on element clicks on environment overview tab under applicartion name <img src=D:\BuildPiper3.2_Rahul\Reports\16Feb_154130\DowntimeScaleUp_chrome\DowntimeScaleUp_chrome_47_Feb_154600.jpg alt='Lamp' width='500' height='400'> Element :[[ChromeDriver: chrome on WINDOWS (f85b34172bff0d20852e4ed87c80effc)] -> xpath: //input[@name='name' and @placeholder='Name']]is displayed on screen Element :[[ChromeDriver: chrome on WINDOWS (f85b34172bff0d20852e4ed87c80effc)] -> xpath: //div[contains(@class,'card-body')]//a[contains(@href,'dashboard')]//p]is displayed on screen Clicking on element click on the selected environment <img src=D:\BuildPiper3.2_Rahul\Reports\16Feb_154130\DowntimeScaleUp_chrome\DowntimeScaleUp_chrome_47_Feb_154603.jpg alt='Lamp' width='500' height='400'> Element :[[ChromeDriver: chrome on WINDOWS (f85b34172bff0d20852e4ed87c80effc)] -> xpath: //ul[@class='headerul appheaderul']//li[text()='Downtime Scheduler']]is displayed on screen Clicking on element clicks on DownTime option <img src=D:\BuildPiper3.2_Rahul\Reports\16Feb_154130\DowntimeScaleUp_chrome\DowntimeScaleUp_chrome_47_Feb_154606.jpg alt='Lamp' width='500' height='400'> Element :[[ChromeDriver: chrome on WINDOWS (f85b34172bff0d20852e4ed87c80effc)] -> xpath: //div[contains(@class,'sch-inp-controller')]//button[@type='button']]is displayed on screen Clicking on element delete scheduler <img src=D:\BuildPiper3.2_Rahul\Reports\16Feb_154130\DowntimeScaleUp_chrome\DowntimeScaleUp_chrome_47_Feb_154610.jpg alt='Lamp' width='500' height='400'> Element :[[ChromeDriver: chrome on WINDOWS (f85b34172bff0d20852e4ed87c80effc)] -> xpath: //input[@name='remarks' and @placeholder='Please enter the reason to delete']]is displayed on screen Element :[[ChromeDriver: chrome on WINDOWS (f85b34172bff0d20852e4ed87c80effc)] -> xpath: //button[@class='btn btn-danger'][text()='Delete']]is displayed on screen Clicking on element clicks on delete button after adding reason to delete scheduler <img src=D:\BuildPiper3.2_Rahul\Reports\16Feb_154130\DowntimeScaleUp_chrome\DowntimeScaleUp_chrome_47_Feb_154611.jpg alt='Lamp' width='500' height='400'> Result upload to testlink is disabled, Please ensure you have 'UpdateTestLink=Yes' in project.properties  ####### End of Test Case: DowntimeScaleUp #######  </system-out>
</testsuite> <!-- com.buildpiper.testcases.EnvironmentTestcasesExecution -->
