<?xml version="1.0" encoding="UTF-8"?>
<!-- Generated by org.testng.reporters.JUnitReportReporter -->
<testsuite hostname="DESKTOP-PTF1H2O" failures="0" tests="1" name="com.buildpiper.testcases.LenskartScan" time="453.067" errors="1" timestamp="2024-02-22T11:21:45 IST" skipped="0">
  <testcase classname="com.buildpiper.testcases.LenskartScan" name="MobileCI_PROD_RunwithParameter" time="453.067">
    <error message="expected:&lt;false&gt; but was:&lt;true&gt;" type="junit.framework.AssertionFailedError">
      <![CDATA[junit.framework.AssertionFailedError: expected:<false> but was:<true>
at junit.framework.Assert.fail(Assert.java:47)
at junit.framework.Assert.failNotEquals(Assert.java:282)
at junit.framework.Assert.assertEquals(Assert.java:64)
at junit.framework.Assert.assertEquals(Assert.java:149)
at junit.framework.Assert.assertEquals(Assert.java:155)
at com.buildpiper.pages.BuildPipeLinePage.MobileCI_PROD_RunwithParameter(BuildPipeLinePage.java:2354)
at com.buildpiper.testcases.LenskartScan.MobileCI_PROD_RunwithParameter(LenskartScan.java:347)
at java.base/jdk.internal.reflect.DirectMethodHandleAccessor.invoke(DirectMethodHandleAccessor.java:104)
at java.base/java.lang.reflect.Method.invoke(Method.java:578)
at org.testng.internal.MethodInvocationHelper.invokeMethod(MethodInvocationHelper.java:134)
at org.testng.internal.TestInvoker.invokeMethod(TestInvoker.java:597)
at org.testng.internal.TestInvoker.invokeTestMethod(TestInvoker.java:173)
at org.testng.internal.MethodRunner.runInSequence(MethodRunner.java:46)
at org.testng.internal.TestInvoker$MethodInvocationAgent.invoke(TestInvoker.java:816)
at org.testng.internal.TestInvoker.invokeTestMethods(TestInvoker.java:146)
at org.testng.internal.TestMethodWorker.invokeTestMethods(TestMethodWorker.java:146)
at org.testng.internal.TestMethodWorker.run(TestMethodWorker.java:128)
at java.base/java.util.ArrayList.forEach(ArrayList.java:1511)
at org.testng.TestRunner.privateRun(TestRunner.java:766)
at org.testng.TestRunner.run(TestRunner.java:587)
at org.testng.SuiteRunner.runTest(SuiteRunner.java:384)
at org.testng.SuiteRunner.runSequentially(SuiteRunner.java:378)
at org.testng.SuiteRunner.privateRun(SuiteRunner.java:337)
at org.testng.SuiteRunner.run(SuiteRunner.java:286)
at org.testng.SuiteRunnerWorker.runSuite(SuiteRunnerWorker.java:53)
at org.testng.SuiteRunnerWorker.run(SuiteRunnerWorker.java:96)
at org.testng.TestNG.runSuitesSequentially(TestNG.java:1187)
at org.testng.TestNG.runSuitesLocally(TestNG.java:1109)
at org.testng.TestNG.runSuites(TestNG.java:1039)
at org.testng.TestNG.run(TestNG.java:1007)
at org.testng.remote.AbstractRemoteTestNG.run(AbstractRemoteTestNG.java:115)
at org.testng.remote.RemoteTestNG.initAndRun(RemoteTestNG.java:251)
at org.testng.remote.RemoteTestNG.main(RemoteTestNG.java:77)
]]>
    </error>
  </testcase> <!-- MobileCI_PROD_RunwithParameter -->
  <system-out>
Exception while scroll to view of element:  Exception while scroll to view of element:   Element :Proxy element for: DefaultElementLocator 'By.xpath: //div[@aria-controls='simple-menu']//div//div[2]//p' is not clickable using javaScript  Element :Proxy element for: DefaultElementLocator 'By.xpath: //div[@aria-controls='simple-menu']//div//div[2]//p' is not clickable using selenium click <img src=D:\BuildPiper3.2_Rahul\Reports\22Feb_111410\MobileCI_PROD_RunwithParameter_chrome\MobileCI_PROD_RunwithParameter_chrome_53_Feb_111457.jpg alt='Lamp' width='500' height='400'> Clicking on element userMenuAppBar <img src=D:\BuildPiper3.2_Rahul\Reports\22Feb_111410\MobileCI_PROD_RunwithParameter_chrome\MobileCI_PROD_RunwithParameter_chrome_53_Feb_111458.jpg alt='Lamp' width='500' height='400'>  Element :Proxy element for: DefaultElementLocator 'By.xpath: //p[@class='inactive-portal cursor-pointer']' is not clickable using selenium click <img src=D:\BuildPiper3.2_Rahul\Reports\22Feb_111410\MobileCI_PROD_RunwithParameter_chrome\MobileCI_PROD_RunwithParameter_chrome_53_Feb_111528.jpg alt='Lamp' width='500' height='400'> Clicking on element switching to user account <img src=D:\BuildPiper3.2_Rahul\Reports\22Feb_111410\MobileCI_PROD_RunwithParameter_chrome\MobileCI_PROD_RunwithParameter_chrome_53_Feb_111528.jpg alt='Lamp' width='500' height='400'> Element :[[ChromeDriver: chrome on WINDOWS (9823799fa688b2463cfb0db141557d40)] -> xpath: //li//button[contains(@class,'app-cluster-button')]//span[@title]]is displayed on screen Element is present :[[ChromeDriver: chrome on WINDOWS (9823799fa688b2463cfb0db141557d40)] -> xpath: //li//button[contains(@class,'app-cluster-button')]//span[@title]] <img src=D:\BuildPiper3.2_Rahul\Reports\22Feb_111410\MobileCI_PROD_RunwithParameter_chrome\MobileCI_PROD_RunwithParameter_chrome_53_Feb_111539.jpg alt='Lamp' width='500' height='400'> Element :[[ChromeDriver: chrome on WINDOWS (9823799fa688b2463cfb0db141557d40)] -> xpath: //button//div//span[@class='flaticon-expand-arrow']/../../..//div//button//p[text()='Pipeline Overview']]is displayed on screen Clicking on element Poc_QA pipelineOverviewLink <img src=D:\BuildPiper3.2_Rahul\Reports\22Feb_111410\MobileCI_PROD_RunwithParameter_chrome\MobileCI_PROD_RunwithParameter_chrome_53_Feb_111539.jpg alt='Lamp' width='500' height='400'> Element :[[ChromeDriver: chrome on WINDOWS (9823799fa688b2463cfb0db141557d40)] -> xpath: (//*[contains(@class,'ad-more-search mb-')]/div/div//*[@class='MuiSvgIcon-root'])[1]]is displayed on screen Element is present :[[ChromeDriver: chrome on WINDOWS (9823799fa688b2463cfb0db141557d40)] -> xpath: (//*[contains(@class,'ad-more-search mb-')]/div/div//*[@class='MuiSvgIcon-root'])[1]] <img src=D:\BuildPiper3.2_Rahul\Reports\22Feb_111410\MobileCI_PROD_RunwithParameter_chrome\MobileCI_PROD_RunwithParameter_chrome_53_Feb_111545.jpg alt='Lamp' width='500' height='400'> Element :[[ChromeDriver: chrome on WINDOWS (9823799fa688b2463cfb0db141557d40)] -> xpath: (//*[contains(@class,'ad-more-search mb-')]/div/div//*[@class='MuiSvgIcon-root'])[1]]is displayed on screen Clicking on element searchDropDown <img src=D:\BuildPiper3.2_Rahul\Reports\22Feb_111410\MobileCI_PROD_RunwithParameter_chrome\MobileCI_PROD_RunwithParameter_chrome_53_Feb_111548.jpg alt='Lamp' width='500' height='400'> Element :[[ChromeDriver: chrome on WINDOWS (9823799fa688b2463cfb0db141557d40)] -> xpath: //input[@class='search-input-si']]is displayed on screen Clicking on element searchPipelineCheckbox <img src=D:\BuildPiper3.2_Rahul\Reports\22Feb_111410\MobileCI_PROD_RunwithParameter_chrome\MobileCI_PROD_RunwithParameter_chrome_53_Feb_111619.jpg alt='Lamp' width='500' height='400'> Element :[[ChromeDriver: chrome on WINDOWS (9823799fa688b2463cfb0db141557d40)] -> xpath: //button[text()='Run With Parameters']]is displayed on screen Clicking on element Click on runwithparameters <img src=D:\BuildPiper3.2_Rahul\Reports\22Feb_111410\MobileCI_PROD_RunwithParameter_chrome\MobileCI_PROD_RunwithParameter_chrome_53_Feb_111622.jpg alt='Lamp' width='500' height='400'> Clicking on element allService Checkbox <img src=D:\BuildPiper3.2_Rahul\Reports\22Feb_111410\MobileCI_PROD_RunwithParameter_chrome\MobileCI_PROD_RunwithParameter_chrome_53_Feb_111655.jpg alt='Lamp' width='500' height='400'> Element :[[ChromeDriver: chrome on WINDOWS (9823799fa688b2463cfb0db141557d40)] -> xpath: //button[text()='Run Pipeline']]is displayed on screen Clicking on element Click on runwithparameters button <img src=D:\BuildPiper3.2_Rahul\Reports\22Feb_111410\MobileCI_PROD_RunwithParameter_chrome\MobileCI_PROD_RunwithParameter_chrome_53_Feb_111655.jpg alt='Lamp' width='500' height='400'> Element :[[ChromeDriver: chrome on WINDOWS (9823799fa688b2463cfb0db141557d40)] -> xpath: //div[@class='service-name']/a]is displayed on screen Clicking on element Click on pipeline hyperlink <img src=D:\BuildPiper3.2_Rahul\Reports\22Feb_111410\MobileCI_PROD_RunwithParameter_chrome\MobileCI_PROD_RunwithParameter_chrome_53_Feb_111705.jpg alt='Lamp' width='500' height='400'> Element :[[ChromeDriver: chrome on WINDOWS (9823799fa688b2463cfb0db141557d40)] -> xpath: //div[@class='flaticon-expand-button']]is displayed on screen Clicking on element Click on jobDropOne <img src=D:\BuildPiper3.2_Rahul\Reports\22Feb_111410\MobileCI_PROD_RunwithParameter_chrome\MobileCI_PROD_RunwithParameter_chrome_53_Feb_111716.jpg alt='Lamp' width='500' height='400'> Element :[[ChromeDriver: chrome on WINDOWS (9823799fa688b2463cfb0db141557d40)] -> xpath: //div[@class='flaticon-expand-button']]is displayed on screen Clicking on element Click on jobDropOne <img src=D:\BuildPiper3.2_Rahul\Reports\22Feb_111410\MobileCI_PROD_RunwithParameter_chrome\MobileCI_PROD_RunwithParameter_chrome_53_Feb_111916.jpg alt='Lamp' width='500' height='400'> Element :[[ChromeDriver: chrome on WINDOWS (9823799fa688b2463cfb0db141557d40)] -> xpath: //div[@class='flaticon-expand-button']]is displayed on screen Clicking on element Click on jobDropOne <img src=D:\BuildPiper3.2_Rahul\Reports\22Feb_111410\MobileCI_PROD_RunwithParameter_chrome\MobileCI_PROD_RunwithParameter_chrome_53_Feb_111918.jpg alt='Lamp' width='500' height='400'> Element :[[ChromeDriver: chrome on WINDOWS (9823799fa688b2463cfb0db141557d40)] -> xpath: //div[@class=' flaticon-thumb-up-button']]is displayed on screen Clicking on element Click on jobDropOne <img src=D:\BuildPiper3.2_Rahul\Reports\22Feb_111410\MobileCI_PROD_RunwithParameter_chrome\MobileCI_PROD_RunwithParameter_chrome_53_Feb_112009.jpg alt='Lamp' width='500' height='400'> Element :[[ChromeDriver: chrome on WINDOWS (9823799fa688b2463cfb0db141557d40)] -> xpath: //input[@name='comment']]is displayed on screen Element is present :[[ChromeDriver: chrome on WINDOWS (9823799fa688b2463cfb0db141557d40)] -> xpath: //input[@name='comment']] <img src=D:\BuildPiper3.2_Rahul\Reports\22Feb_111410\MobileCI_PROD_RunwithParameter_chrome\MobileCI_PROD_RunwithParameter_chrome_53_Feb_112009.jpg alt='Lamp' width='500' height='400'> Element :[[ChromeDriver: chrome on WINDOWS (9823799fa688b2463cfb0db141557d40)] -> xpath: //input[@name='comment']]is displayed on screen Element :[[ChromeDriver: chrome on WINDOWS (9823799fa688b2463cfb0db141557d40)] -> xpath: //button[contains(text(),'Approve')]]is displayed on screen Clicking on element Click on jobDropOne <img src=D:\BuildPiper3.2_Rahul\Reports\22Feb_111410\MobileCI_PROD_RunwithParameter_chrome\MobileCI_PROD_RunwithParameter_chrome_53_Feb_112010.jpg alt='Lamp' width='500' height='400'> Element :[[ChromeDriver: chrome on WINDOWS (9823799fa688b2463cfb0db141557d40)] -> xpath: //div[@class='flaticon-expand-button']]is displayed on screen Clicking on element Click on jobDropOne <img src=D:\BuildPiper3.2_Rahul\Reports\22Feb_111410\MobileCI_PROD_RunwithParameter_chrome\MobileCI_PROD_RunwithParameter_chrome_53_Feb_112050.jpg alt='Lamp' width='500' height='400'> Element :[[ChromeDriver: chrome on WINDOWS (9823799fa688b2463cfb0db141557d40)] -> xpath: //div[@class='flaticon-expand-button']]is displayed on screen Clicking on element Click on jobDropOne <img src=D:\BuildPiper3.2_Rahul\Reports\22Feb_111410\MobileCI_PROD_RunwithParameter_chrome\MobileCI_PROD_RunwithParameter_chrome_53_Feb_112052.jpg alt='Lamp' width='500' height='400'> Element :[[ChromeDriver: chrome on WINDOWS (9823799fa688b2463cfb0db141557d40)] -> xpath: //button//div//span[@class='flaticon-expand-arrow']/../../..//div//button//p[text()='Pipeline Overview']]is displayed on screen Clicking on element Poc_QA pipelineOverviewLink <img src=D:\BuildPiper3.2_Rahul\Reports\22Feb_111410\MobileCI_PROD_RunwithParameter_chrome\MobileCI_PROD_RunwithParameter_chrome_53_Feb_112057.jpg alt='Lamp' width='500' height='400'> Element :[[ChromeDriver: chrome on WINDOWS (9823799fa688b2463cfb0db141557d40)] -> xpath: (//*[contains(@class,'ad-more-search mb-')]/div/div//*[@class='MuiSvgIcon-root'])[1]]is displayed on screen Element is present :[[ChromeDriver: chrome on WINDOWS (9823799fa688b2463cfb0db141557d40)] -> xpath: (//*[contains(@class,'ad-more-search mb-')]/div/div//*[@class='MuiSvgIcon-root'])[1]] <img src=D:\BuildPiper3.2_Rahul\Reports\22Feb_111410\MobileCI_PROD_RunwithParameter_chrome\MobileCI_PROD_RunwithParameter_chrome_53_Feb_112102.jpg alt='Lamp' width='500' height='400'> Element :[[ChromeDriver: chrome on WINDOWS (9823799fa688b2463cfb0db141557d40)] -> xpath: (//*[contains(@class,'ad-more-search mb-')]/div/div//*[@class='MuiSvgIcon-root'])[1]]is displayed on screen Clicking on element searchDropDown <img src=D:\BuildPiper3.2_Rahul\Reports\22Feb_111410\MobileCI_PROD_RunwithParameter_chrome\MobileCI_PROD_RunwithParameter_chrome_53_Feb_112105.jpg alt='Lamp' width='500' height='400'> Element :[[ChromeDriver: chrome on WINDOWS (9823799fa688b2463cfb0db141557d40)] -> xpath: //input[@class='search-input-si']]is displayed on screen Clicking on element searchPipelineCheckbox <img src=D:\BuildPiper3.2_Rahul\Reports\22Feb_111410\MobileCI_PROD_RunwithParameter_chrome\MobileCI_PROD_RunwithParameter_chrome_53_Feb_112136.jpg alt='Lamp' width='500' height='400'> Result upload to testlink is disabled, Please ensure you have 'UpdateTestLink=Yes' in project.properties  ####### End of Test Case: MobileCI_PROD_RunwithParameter #######  </system-out>
</testsuite> <!-- com.buildpiper.testcases.LenskartScan -->
